<?xml version="1.0" encoding="UTF-8"?>
<!-- Generated by org.testng.reporters.JUnitReportReporter -->
<testsuite hostname="DESKTOP-N68GHK8" failures="0" tests="1" name="SeleniumConcepts.NewTest" time="0.015" errors="0" timestamp="2021-12-19T13:50:04 IST" skipped="0">
  <testcase classname="SeleniumConcepts.NewTest" name="f" time="0.015"/>
  <system-out/>
</testsuite> <!-- SeleniumConcepts.NewTest -->
